
  You can now view your Streamlit app in your browser.

  URL: http://127.0.0.1:8501

  Stopping...
  Stopping...
Exception ignored in: <module 'threading' from 'C:\\Users\\seohy\\AppData\\Local\\Programs\\Python\\Python311\\Lib\\threading.py'>
Traceback (most recent call last):
  File "C:\Users\seohy\AppData\Local\Programs\Python\Python311\Lib\threading.py", line 1560, in _shutdown
    atexit_call()
  File "C:\Users\seohy\AppData\Local\Programs\Python\Python311\Lib\concurrent\futures\thread.py", line 31, in _python_exit
    t.join()
  File "C:\Users\seohy\AppData\Local\Programs\Python\Python311\Lib\threading.py", line 1119, in join
    self._wait_for_tstate_lock()
  File "C:\Users\seohy\AppData\Local\Programs\Python\Python311\Lib\threading.py", line 1139, in _wait_for_tstate_lock
    if lock.acquire(block, timeout):
       ^^^^^^^^^^^^^^^^^^^^^^^^^^^^
  File "C:\Users\seohy\workspace_antigravity\fortune_guide\venv\Lib\site-packages\streamlit\web\bootstrap.py", line 42, in signal_handler
    server.stop()
  File "C:\Users\seohy\workspace_antigravity\fortune_guide\venv\Lib\site-packages\streamlit\web\server\server.py", line 519, in stop
    self._runtime.stop()
  File "C:\Users\seohy\workspace_antigravity\fortune_guide\venv\Lib\site-packages\streamlit\runtime\runtime.py", line 343, in stop
    async_objs.eventloop.call_soon_threadsafe(stop_on_eventloop)
  File "C:\Users\seohy\AppData\Local\Programs\Python\Python311\Lib\asyncio\base_events.py", line 807, in call_soon_threadsafe
    self._check_closed()
  File "C:\Users\seohy\AppData\Local\Programs\Python\Python311\Lib\asyncio\base_events.py", line 520, in _check_closed
    raise RuntimeError('Event loop is closed')
RuntimeError: Event loop is closed
